<?xml version="1.0" encoding="UTF-8"?>
<coverage generated="1520324630987" clover="3.2.0">
  <project timestamp="1520324630987" name="All files">
    <metrics statements="76" coveredstatements="74" conditionals="36" coveredconditionals="27" methods="35" coveredmethods="28" elements="147" coveredelements="129" complexity="0" loc="76" ncloc="76" packages="7" files="21" classes="21">
      <package name="Components">
        <metrics statements="10" coveredstatements="10" conditionals="9" coveredconditionals="8" methods="5" coveredmethods="5"/>
        <file name="AlertMessage.js" path="C:\Users\handaoui\Project\tharwa\tharwa-mobile\App\Components\AlertMessage.js">
          <metrics statements="5" coveredstatements="5" conditionals="4" coveredconditionals="4" methods="1" coveredmethods="1"/>
          <line num="17" count="3" type="stmt"/>
          <line num="18" count="3" type="cond" truecount="2" falsecount="0"/>
          <line num="19" count="2" type="stmt"/>
          <line num="20" count="2" type="stmt"/>
          <line num="31" count="1" type="stmt"/>
        </file>
        <file name="DrawerButton.js" path="C:\Users\handaoui\Project\tharwa\tharwa-mobile\App\Components\DrawerButton.js">
          <metrics statements="1" coveredstatements="1" conditionals="0" coveredconditionals="0" methods="1" coveredmethods="1"/>
          <line num="27" count="2" type="stmt"/>
        </file>
        <file name="FullButton.js" path="C:\Users\handaoui\Project\tharwa\tharwa-mobile\App\Components\FullButton.js">
          <metrics statements="1" coveredstatements="1" conditionals="2" coveredconditionals="2" methods="1" coveredmethods="1"/>
          <line num="28" count="2" type="stmt"/>
        </file>
        <file name="RoundedButton.js" path="C:\Users\handaoui\Project\tharwa\tharwa-mobile\App\Components\RoundedButton.js">
          <metrics statements="3" coveredstatements="3" conditionals="3" coveredconditionals="2" methods="2" coveredmethods="2"/>
          <line num="29" count="3" type="cond" truecount="2" falsecount="1"/>
          <line num="30" count="3" type="stmt"/>
          <line num="34" count="3" type="stmt"/>
        </file>
      </package>
      <package name="Components.Styles">
        <metrics statements="0" coveredstatements="0" conditionals="0" coveredconditionals="0" methods="0" coveredmethods="0"/>
        <file name="AlertMessageStyles.js" path="C:\Users\handaoui\Project\tharwa\tharwa-mobile\App\Components\Styles\AlertMessageStyles.js">
          <metrics statements="0" coveredstatements="0" conditionals="0" coveredconditionals="0" methods="0" coveredmethods="0"/>
        </file>
        <file name="DrawerButtonStyles.js" path="C:\Users\handaoui\Project\tharwa\tharwa-mobile\App\Components\Styles\DrawerButtonStyles.js">
          <metrics statements="0" coveredstatements="0" conditionals="0" coveredconditionals="0" methods="0" coveredmethods="0"/>
        </file>
        <file name="FullButtonStyles.js" path="C:\Users\handaoui\Project\tharwa\tharwa-mobile\App\Components\Styles\FullButtonStyles.js">
          <metrics statements="0" coveredstatements="0" conditionals="0" coveredconditionals="0" methods="0" coveredmethods="0"/>
        </file>
        <file name="RoundedButtonStyles.js" path="C:\Users\handaoui\Project\tharwa\tharwa-mobile\App\Components\Styles\RoundedButtonStyles.js">
          <metrics statements="0" coveredstatements="0" conditionals="0" coveredconditionals="0" methods="0" coveredmethods="0"/>
        </file>
      </package>
      <package name="Config">
        <metrics statements="0" coveredstatements="0" conditionals="0" coveredconditionals="0" methods="0" coveredmethods="0"/>
        <file name="DebugConfig.js" path="C:\Users\handaoui\Project\tharwa\tharwa-mobile\App\Config\DebugConfig.js">
          <metrics statements="0" coveredstatements="0" conditionals="0" coveredconditionals="0" methods="0" coveredmethods="0"/>
        </file>
      </package>
      <package name="Redux">
        <metrics statements="22" coveredstatements="22" conditionals="0" coveredconditionals="0" methods="12" coveredmethods="12"/>
        <file name="AuthRedux.js" path="C:\Users\handaoui\Project\tharwa\tharwa-mobile\App\Redux\AuthRedux.js">
          <metrics statements="13" coveredstatements="13" conditionals="0" coveredconditionals="0" methods="8" coveredmethods="8"/>
          <line num="4" count="3" type="stmt"/>
          <line num="15" count="3" type="stmt"/>
          <line num="18" count="3" type="stmt"/>
          <line num="26" count="3" type="stmt"/>
          <line num="28" count="3" type="stmt"/>
          <line num="29" count="1" type="stmt"/>
          <line num="32" count="3" type="stmt"/>
          <line num="35" count="3" type="stmt"/>
          <line num="36" count="3" type="stmt"/>
          <line num="37" count="3" type="stmt"/>
          <line num="40" count="3" type="stmt"/>
          <line num="41" count="3" type="stmt"/>
          <line num="43" count="3" type="stmt"/>
        </file>
        <file name="PinCodeRedux.js" path="C:\Users\handaoui\Project\tharwa\tharwa-mobile\App\Redux\PinCodeRedux.js">
          <metrics statements="9" coveredstatements="9" conditionals="0" coveredconditionals="0" methods="4" coveredmethods="4"/>
          <line num="4" count="3" type="stmt"/>
          <line num="11" count="3" type="stmt"/>
          <line num="14" count="3" type="stmt"/>
          <line num="22" count="3" type="stmt"/>
          <line num="24" count="3" type="stmt"/>
          <line num="26" count="3" type="stmt"/>
          <line num="27" count="1" type="stmt"/>
          <line num="30" count="3" type="stmt"/>
          <line num="32" count="3" type="stmt"/>
        </file>
      </package>
      <package name="Sagas">
        <metrics statements="20" coveredstatements="20" conditionals="6" coveredconditionals="6" methods="6" coveredmethods="6"/>
        <file name="AuthSaga.js" path="C:\Users\handaoui\Project\tharwa\tharwa-mobile\App\Sagas\AuthSaga.js">
          <metrics statements="13" coveredstatements="13" conditionals="4" coveredconditionals="4" methods="4" coveredmethods="4"/>
          <line num="5" count="1" type="stmt"/>
          <line num="8" count="2" type="stmt"/>
          <line num="16" count="2" type="stmt"/>
          <line num="19" count="2" type="cond" truecount="2" falsecount="0"/>
          <line num="20" count="1" type="stmt"/>
          <line num="21" count="1" type="stmt"/>
          <line num="24" count="1" type="stmt"/>
          <line num="30" count="1" type="stmt"/>
          <line num="31" count="1" type="stmt"/>
          <line num="36" count="2" type="stmt"/>
          <line num="38" count="2" type="cond" truecount="2" falsecount="0"/>
          <line num="39" count="1" type="stmt"/>
          <line num="41" count="2" type="stmt"/>
        </file>
        <file name="PinCodeSaga.js" path="C:\Users\handaoui\Project\tharwa\tharwa-mobile\App\Sagas\PinCodeSaga.js">
          <metrics statements="7" coveredstatements="7" conditionals="2" coveredconditionals="2" methods="2" coveredmethods="2"/>
          <line num="5" count="1" type="stmt"/>
          <line num="9" count="2" type="stmt"/>
          <line num="10" count="2" type="stmt"/>
          <line num="16" count="2" type="cond" truecount="2" falsecount="0"/>
          <line num="17" count="1" type="stmt"/>
          <line num="18" count="1" type="stmt"/>
          <line num="20" count="1" type="stmt"/>
        </file>
      </package>
      <package name="Services">
        <metrics statements="16" coveredstatements="14" conditionals="15" coveredconditionals="10" methods="12" coveredmethods="5"/>
        <file name="ExamplesRegistry.js" path="C:\Users\handaoui\Project\tharwa\tharwa-mobile\App\Services\ExamplesRegistry.js">
          <metrics statements="10" coveredstatements="8" conditionals="6" coveredconditionals="1" methods="8" coveredmethods="1"/>
          <line num="6" count="3" type="stmt"/>
          <line num="7" count="3" type="stmt"/>
          <line num="9" count="3" type="cond" truecount="1" falsecount="2"/>
          <line num="11" count="3" type="cond" truecount="0" falsecount="3"/>
          <line num="13" count="3" type="stmt"/>
          <line num="14" count="0" type="stmt"/>
          <line num="24" count="3" type="stmt"/>
          <line num="25" count="0" type="stmt"/>
          <line num="35" count="3" type="stmt"/>
          <line num="37" count="3" type="stmt"/>
        </file>
        <file name="FixtureApi.js" path="C:\Users\handaoui\Project\tharwa\tharwa-mobile\App\Services\FixtureApi.js">
          <metrics statements="6" coveredstatements="6" conditionals="9" coveredconditionals="9" methods="4" coveredmethods="4"/>
          <line num="6" count="4" type="cond" truecount="2" falsecount="0"/>
          <line num="11" count="3" type="stmt"/>
          <line num="16" count="1" type="stmt"/>
          <line num="24" count="2" type="cond" truecount="2" falsecount="0"/>
          <line num="28" count="1" type="stmt"/>
          <line num="33" count="1" type="stmt"/>
        </file>
      </package>
      <package name="Themes">
        <metrics statements="8" coveredstatements="8" conditionals="6" coveredconditionals="3" methods="0" coveredmethods="0"/>
        <file name="ApplicationStyles.js" path="C:\Users\handaoui\Project\tharwa\tharwa-mobile\App\Themes\ApplicationStyles.js">
          <metrics statements="1" coveredstatements="1" conditionals="0" coveredconditionals="0" methods="0" coveredmethods="0"/>
          <line num="8" count="4" type="stmt"/>
        </file>
        <file name="Colors.js" path="C:\Users\handaoui\Project\tharwa\tharwa-mobile\App\Themes\Colors.js">
          <metrics statements="1" coveredstatements="1" conditionals="0" coveredconditionals="0" methods="0" coveredmethods="0"/>
          <line num="1" count="4" type="stmt"/>
        </file>
        <file name="Fonts.js" path="C:\Users\handaoui\Project\tharwa\tharwa-mobile\App\Themes\Fonts.js">
          <metrics statements="3" coveredstatements="3" conditionals="0" coveredconditionals="0" methods="0" coveredmethods="0"/>
          <line num="1" count="4" type="stmt"/>
          <line num="7" count="4" type="stmt"/>
          <line num="21" count="4" type="stmt"/>
        </file>
        <file name="Images.js" path="C:\Users\handaoui\Project\tharwa\tharwa-mobile\App\Themes\Images.js">
          <metrics statements="1" coveredstatements="1" conditionals="0" coveredconditionals="0" methods="0" coveredmethods="0"/>
          <line num="2" count="4" type="stmt"/>
        </file>
        <file name="Metrics.js" path="C:\Users\handaoui\Project\tharwa\tharwa-mobile\App\Themes\Metrics.js">
          <metrics statements="2" coveredstatements="2" conditionals="6" coveredconditionals="3" methods="0" coveredmethods="0"/>
          <line num="3" count="4" type="stmt"/>
          <line num="6" count="4" type="stmt"/>
        </file>
        <file name="index.js" path="C:\Users\handaoui\Project\tharwa\tharwa-mobile\App\Themes\index.js">
          <metrics statements="0" coveredstatements="0" conditionals="0" coveredconditionals="0" methods="0" coveredmethods="0"/>
        </file>
      </package>
    </metrics>
  </project>
</coverage>
