{"C:\\Users\\handaoui\\Project\\tharwa\\tharwa-mobile\\App\\Components\\AlertMessage.js": {"path":"C:\\Users\\handaoui\\Project\\tharwa\\tharwa-mobile\\App\\Components\\AlertMessage.js","statementMap":{"0":{"start":{"line":17,"column":27},"end":{"line":17,"column":31}},"1":{"start":{"line":18,"column":4},"end":{"line":29,"column":5}},"2":{"start":{"line":19,"column":24},"end":{"line":19,"column":34}},"3":{"start":{"line":20,"column":6},"end":{"line":28,"column":7}},"4":{"start":{"line":31,"column":4},"end":{"line":31,"column":27}}},"fnMap":{"0":{"name":"(anonymous_0)","decl":{"start":{"line":16,"column":2},"end":{"line":16,"column":3}},"loc":{"start":{"line":16,"column":12},"end":{"line":32,"column":3}},"line":16}},"branchMap":{"0":{"loc":{"start":{"line":18,"column":4},"end":{"line":29,"column":5}},"type":"if","locations":[{"start":{"line":18,"column":4},"end":{"line":29,"column":5}},{"start":{"line":18,"column":4},"end":{"line":29,"column":5}}],"line":18},"1":{"loc":{"start":{"line":25,"column":67},"end":{"line":25,"column":95}},"type":"binary-expr","locations":[{"start":{"line":25,"column":67},"end":{"line":25,"column":72}},{"start":{"line":25,"column":76},"end":{"line":25,"column":95}}],"line":25}},"s":{"0":3,"1":3,"2":2,"3":2,"4":1},"f":{"0":3},"b":{"0":[2,1],"1":[2,2]},"_coverageSchema":"332fd63041d2c1bcb487cc26dd0d5f7d97098a6c","hash":"7215a4e82591ce75bcbad8873a27a2eba90be581"}
,"C:\\Users\\handaoui\\Project\\tharwa\\tharwa-mobile\\App\\Components\\DrawerButton.js": {"path":"C:\\Users\\handaoui\\Project\\tharwa\\tharwa-mobile\\App\\Components\\DrawerButton.js","statementMap":{"0":{"start":{"line":27,"column":4},"end":{"line":31,"column":5}}},"fnMap":{"0":{"name":"(anonymous_0)","decl":{"start":{"line":26,"column":2},"end":{"line":26,"column":3}},"loc":{"start":{"line":26,"column":12},"end":{"line":32,"column":3}},"line":26}},"branchMap":{},"s":{"0":2},"f":{"0":2},"b":{},"_coverageSchema":"332fd63041d2c1bcb487cc26dd0d5f7d97098a6c","hash":"cff20b093b1a4399d93ed47d05b10061f724e860"}
,"C:\\Users\\handaoui\\Project\\tharwa\\tharwa-mobile\\App\\Components\\FullButton.js": {"path":"C:\\Users\\handaoui\\Project\\tharwa\\tharwa-mobile\\App\\Components\\FullButton.js","statementMap":{"0":{"start":{"line":28,"column":4},"end":{"line":32,"column":5}}},"fnMap":{"0":{"name":"(anonymous_0)","decl":{"start":{"line":27,"column":2},"end":{"line":27,"column":3}},"loc":{"start":{"line":27,"column":12},"end":{"line":33,"column":3}},"line":27}},"branchMap":{"0":{"loc":{"start":{"line":30,"column":41},"end":{"line":30,"column":89}},"type":"binary-expr","locations":[{"start":{"line":30,"column":41},"end":{"line":30,"column":56}},{"start":{"line":30,"column":60},"end":{"line":30,"column":89}}],"line":30}},"s":{"0":2},"f":{"0":2},"b":{"0":[2,2]},"_coverageSchema":"332fd63041d2c1bcb487cc26dd0d5f7d97098a6c","hash":"1751ccea87792e8f81423530ad291bfd43071aa5"}
,"C:\\Users\\handaoui\\Project\\tharwa\\tharwa-mobile\\App\\Components\\RoundedButton.js": {"path":"C:\\Users\\handaoui\\Project\\tharwa\\tharwa-mobile\\App\\Components\\RoundedButton.js","statementMap":{"0":{"start":{"line":29,"column":23},"end":{"line":29,"column":67}},"1":{"start":{"line":30,"column":4},"end":{"line":30,"column":35}},"2":{"start":{"line":34,"column":4},"end":{"line":38,"column":5}}},"fnMap":{"0":{"name":"(anonymous_0)","decl":{"start":{"line":28,"column":2},"end":{"line":28,"column":3}},"loc":{"start":{"line":28,"column":13},"end":{"line":31,"column":3}},"line":28},"1":{"name":"(anonymous_1)","decl":{"start":{"line":33,"column":2},"end":{"line":33,"column":3}},"loc":{"start":{"line":33,"column":12},"end":{"line":39,"column":3}},"line":33}},"branchMap":{"0":{"loc":{"start":{"line":29,"column":23},"end":{"line":29,"column":67}},"type":"binary-expr","locations":[{"start":{"line":29,"column":23},"end":{"line":29,"column":38}},{"start":{"line":29,"column":42},"end":{"line":29,"column":61}},{"start":{"line":29,"column":65},"end":{"line":29,"column":67}}],"line":29}},"s":{"0":3,"1":3,"2":3},"f":{"0":3,"1":3},"b":{"0":[3,1,0]},"_coverageSchema":"332fd63041d2c1bcb487cc26dd0d5f7d97098a6c","hash":"ed357d4f4812d8d118fb35cb619b7a54210ac34f"}
,"C:\\Users\\handaoui\\Project\\tharwa\\tharwa-mobile\\App\\Components\\Styles\\AlertMessageStyles.js": {"path":"C:\\Users\\handaoui\\Project\\tharwa\\tharwa-mobile\\App\\Components\\Styles\\AlertMessageStyles.js","statementMap":{},"fnMap":{},"branchMap":{},"s":{},"f":{},"b":{},"_coverageSchema":"332fd63041d2c1bcb487cc26dd0d5f7d97098a6c","hash":"9bcd6408be91a26fd74f173b7d354ef98ac51de6"}
,"C:\\Users\\handaoui\\Project\\tharwa\\tharwa-mobile\\App\\Components\\Styles\\DrawerButtonStyles.js": {"path":"C:\\Users\\handaoui\\Project\\tharwa\\tharwa-mobile\\App\\Components\\Styles\\DrawerButtonStyles.js","statementMap":{},"fnMap":{},"branchMap":{},"s":{},"f":{},"b":{},"_coverageSchema":"332fd63041d2c1bcb487cc26dd0d5f7d97098a6c","hash":"84c3e4f7dbefc23031ccaca126b0a41c5093e4f3"}
,"C:\\Users\\handaoui\\Project\\tharwa\\tharwa-mobile\\App\\Components\\Styles\\FullButtonStyles.js": {"path":"C:\\Users\\handaoui\\Project\\tharwa\\tharwa-mobile\\App\\Components\\Styles\\FullButtonStyles.js","statementMap":{},"fnMap":{},"branchMap":{},"s":{},"f":{},"b":{},"_coverageSchema":"332fd63041d2c1bcb487cc26dd0d5f7d97098a6c","hash":"bde89ebbe57fd86c41920224d85828b7eecf9d3b"}
,"C:\\Users\\handaoui\\Project\\tharwa\\tharwa-mobile\\App\\Components\\Styles\\RoundedButtonStyles.js": {"path":"C:\\Users\\handaoui\\Project\\tharwa\\tharwa-mobile\\App\\Components\\Styles\\RoundedButtonStyles.js","statementMap":{},"fnMap":{},"branchMap":{},"s":{},"f":{},"b":{},"_coverageSchema":"332fd63041d2c1bcb487cc26dd0d5f7d97098a6c","hash":"fa79c9b02a81fd013d19e679ddc76aab592e6fd3"}
,"C:\\Users\\handaoui\\Project\\tharwa\\tharwa-mobile\\App\\Config\\DebugConfig.js": {"path":"C:\\Users\\handaoui\\Project\\tharwa\\tharwa-mobile\\App\\Config\\DebugConfig.js","statementMap":{},"fnMap":{},"branchMap":{},"s":{},"f":{},"b":{},"_coverageSchema":"332fd63041d2c1bcb487cc26dd0d5f7d97098a6c","hash":"6471d07f11fca711878a28f3fa5d1a41fae00554"}
,"C:\\Users\\handaoui\\Project\\tharwa\\tharwa-mobile\\App\\Redux\\AuthRedux.js": {"path":"C:\\Users\\handaoui\\Project\\tharwa\\tharwa-mobile\\App\\Redux\\AuthRedux.js","statementMap":{"0":{"start":{"line":4,"column":28},"end":{"line":13,"column":2}},"1":{"start":{"line":15,"column":25},"end":{"line":15,"column":30}},"2":{"start":{"line":18,"column":22},"end":{"line":24,"column":2}},"3":{"start":{"line":26,"column":23},"end":{"line":26,"column":81}},"4":{"start":{"line":26,"column":34},"end":{"line":26,"column":81}},"5":{"start":{"line":28,"column":23},"end":{"line":30,"column":1}},"6":{"start":{"line":29,"column":2},"end":{"line":29,"column":62}},"7":{"start":{"line":32,"column":23},"end":{"line":32,"column":84}},"8":{"start":{"line":32,"column":45},"end":{"line":32,"column":84}},"9":{"start":{"line":35,"column":20},"end":{"line":35,"column":61}},"10":{"start":{"line":35,"column":31},"end":{"line":35,"column":61}},"11":{"start":{"line":36,"column":27},"end":{"line":36,"column":69}},"12":{"start":{"line":36,"column":38},"end":{"line":36,"column":69}},"13":{"start":{"line":37,"column":25},"end":{"line":37,"column":77}},"14":{"start":{"line":37,"column":51},"end":{"line":37,"column":77}},"15":{"start":{"line":40,"column":29},"end":{"line":40,"column":70}},"16":{"start":{"line":40,"column":38},"end":{"line":40,"column":70}},"17":{"start":{"line":41,"column":29},"end":{"line":41,"column":51}},"18":{"start":{"line":41,"column":38},"end":{"line":41,"column":51}},"19":{"start":{"line":43,"column":23},"end":{"line":52,"column":2}}},"fnMap":{"0":{"name":"(anonymous_0)","decl":{"start":{"line":26,"column":23},"end":{"line":26,"column":24}},"loc":{"start":{"line":26,"column":34},"end":{"line":26,"column":81}},"line":26},"1":{"name":"(anonymous_1)","decl":{"start":{"line":28,"column":23},"end":{"line":28,"column":24}},"loc":{"start":{"line":29,"column":2},"end":{"line":29,"column":62}},"line":29},"2":{"name":"(anonymous_2)","decl":{"start":{"line":32,"column":23},"end":{"line":32,"column":24}},"loc":{"start":{"line":32,"column":45},"end":{"line":32,"column":84}},"line":32},"3":{"name":"(anonymous_3)","decl":{"start":{"line":35,"column":20},"end":{"line":35,"column":21}},"loc":{"start":{"line":35,"column":31},"end":{"line":35,"column":61}},"line":35},"4":{"name":"(anonymous_4)","decl":{"start":{"line":36,"column":27},"end":{"line":36,"column":28}},"loc":{"start":{"line":36,"column":38},"end":{"line":36,"column":69}},"line":36},"5":{"name":"(anonymous_5)","decl":{"start":{"line":37,"column":25},"end":{"line":37,"column":26}},"loc":{"start":{"line":37,"column":51},"end":{"line":37,"column":77}},"line":37},"6":{"name":"(anonymous_6)","decl":{"start":{"line":40,"column":29},"end":{"line":40,"column":30}},"loc":{"start":{"line":40,"column":38},"end":{"line":40,"column":70}},"line":40},"7":{"name":"(anonymous_7)","decl":{"start":{"line":41,"column":29},"end":{"line":41,"column":30}},"loc":{"start":{"line":41,"column":38},"end":{"line":41,"column":51}},"line":41}},"branchMap":{},"s":{"0":3,"1":3,"2":3,"3":3,"4":1,"5":3,"6":1,"7":3,"8":1,"9":3,"10":1,"11":3,"12":1,"13":3,"14":2,"15":3,"16":1,"17":3,"18":1,"19":3},"f":{"0":1,"1":1,"2":1,"3":1,"4":1,"5":2,"6":1,"7":1},"b":{},"_coverageSchema":"332fd63041d2c1bcb487cc26dd0d5f7d97098a6c","hash":"536ffa68a5bfc21c87542858a6fcb205e58f6d2a"}
,"C:\\Users\\handaoui\\Project\\tharwa\\tharwa-mobile\\App\\Redux\\PinCodeRedux.js": {"path":"C:\\Users\\handaoui\\Project\\tharwa\\tharwa-mobile\\App\\Redux\\PinCodeRedux.js","statementMap":{"0":{"start":{"line":4,"column":28},"end":{"line":9,"column":2}},"1":{"start":{"line":11,"column":28},"end":{"line":11,"column":33}},"2":{"start":{"line":14,"column":22},"end":{"line":20,"column":2}},"3":{"start":{"line":22,"column":23},"end":{"line":22,"column":81}},"4":{"start":{"line":22,"column":34},"end":{"line":22,"column":81}},"5":{"start":{"line":24,"column":23},"end":{"line":24,"column":84}},"6":{"start":{"line":24,"column":45},"end":{"line":24,"column":84}},"7":{"start":{"line":26,"column":23},"end":{"line":28,"column":1}},"8":{"start":{"line":27,"column":2},"end":{"line":27,"column":62}},"9":{"start":{"line":30,"column":20},"end":{"line":30,"column":78}},"10":{"start":{"line":30,"column":49},"end":{"line":30,"column":78}},"11":{"start":{"line":32,"column":23},"end":{"line":37,"column":2}}},"fnMap":{"0":{"name":"(anonymous_0)","decl":{"start":{"line":22,"column":23},"end":{"line":22,"column":24}},"loc":{"start":{"line":22,"column":34},"end":{"line":22,"column":81}},"line":22},"1":{"name":"(anonymous_1)","decl":{"start":{"line":24,"column":23},"end":{"line":24,"column":24}},"loc":{"start":{"line":24,"column":45},"end":{"line":24,"column":84}},"line":24},"2":{"name":"(anonymous_2)","decl":{"start":{"line":26,"column":23},"end":{"line":26,"column":24}},"loc":{"start":{"line":27,"column":2},"end":{"line":27,"column":62}},"line":27},"3":{"name":"(anonymous_3)","decl":{"start":{"line":30,"column":20},"end":{"line":30,"column":21}},"loc":{"start":{"line":30,"column":49},"end":{"line":30,"column":78}},"line":30}},"branchMap":{},"s":{"0":3,"1":3,"2":3,"3":3,"4":1,"5":3,"6":1,"7":3,"8":1,"9":3,"10":1,"11":3},"f":{"0":1,"1":1,"2":1,"3":1},"b":{},"_coverageSchema":"332fd63041d2c1bcb487cc26dd0d5f7d97098a6c","hash":"1836428705ae338b970228b7ffb9d99d71f4261b"}
,"C:\\Users\\handaoui\\Project\\tharwa\\tharwa-mobile\\App\\Sagas\\AuthSaga.js": {"path":"C:\\Users\\handaoui\\Project\\tharwa\\tharwa-mobile\\App\\Sagas\\AuthSaga.js","statementMap":{"0":{"start":{"line":5,"column":31},"end":{"line":5,"column":62}},"1":{"start":{"line":5,"column":42},"end":{"line":5,"column":62}},"2":{"start":{"line":8,"column":18},"end":{"line":14,"column":3}},"3":{"start":{"line":16,"column":19},"end":{"line":16,"column":49}},"4":{"start":{"line":19,"column":2},"end":{"line":25,"column":3}},"5":{"start":{"line":20,"column":4},"end":{"line":20,"column":40}},"6":{"start":{"line":21,"column":4},"end":{"line":21,"column":77}},"7":{"start":{"line":24,"column":4},"end":{"line":24,"column":47}},"8":{"start":{"line":30,"column":2},"end":{"line":30,"column":33}},"9":{"start":{"line":31,"column":2},"end":{"line":31,"column":40}},"10":{"start":{"line":36,"column":20},"end":{"line":36,"column":49}},"11":{"start":{"line":38,"column":2},"end":{"line":40,"column":3}},"12":{"start":{"line":39,"column":4},"end":{"line":39,"column":43}},"13":{"start":{"line":41,"column":2},"end":{"line":41,"column":43}}},"fnMap":{"0":{"name":"(anonymous_0)","decl":{"start":{"line":5,"column":31},"end":{"line":5,"column":32}},"loc":{"start":{"line":5,"column":42},"end":{"line":5,"column":62}},"line":5},"1":{"name":"login","decl":{"start":{"line":7,"column":17},"end":{"line":7,"column":22}},"loc":{"start":{"line":7,"column":69},"end":{"line":26,"column":1}},"line":7},"2":{"name":"logout","decl":{"start":{"line":29,"column":17},"end":{"line":29,"column":23}},"loc":{"start":{"line":29,"column":29},"end":{"line":32,"column":1}},"line":29},"3":{"name":"loadToken","decl":{"start":{"line":35,"column":17},"end":{"line":35,"column":26}},"loc":{"start":{"line":35,"column":32},"end":{"line":42,"column":1}},"line":35}},"branchMap":{"0":{"loc":{"start":{"line":19,"column":2},"end":{"line":25,"column":3}},"type":"if","locations":[{"start":{"line":19,"column":2},"end":{"line":25,"column":3}},{"start":{"line":19,"column":2},"end":{"line":25,"column":3}}],"line":19},"1":{"loc":{"start":{"line":38,"column":2},"end":{"line":40,"column":3}},"type":"if","locations":[{"start":{"line":38,"column":2},"end":{"line":40,"column":3}},{"start":{"line":38,"column":2},"end":{"line":40,"column":3}}],"line":38}},"s":{"0":1,"1":1,"2":2,"3":2,"4":2,"5":1,"6":1,"7":1,"8":1,"9":1,"10":2,"11":2,"12":1,"13":2},"f":{"0":1,"1":2,"2":1,"3":2},"b":{"0":[1,1],"1":[1,1]},"_coverageSchema":"332fd63041d2c1bcb487cc26dd0d5f7d97098a6c","hash":"0ee38872ea713055d3124400dc046eb5e3e43ed5"}
,"C:\\Users\\handaoui\\Project\\tharwa\\tharwa-mobile\\App\\Sagas\\PinCodeSaga.js": {"path":"C:\\Users\\handaoui\\Project\\tharwa\\tharwa-mobile\\App\\Sagas\\PinCodeSaga.js","statementMap":{"0":{"start":{"line":5,"column":34},"end":{"line":5,"column":71}},"1":{"start":{"line":5,"column":45},"end":{"line":5,"column":71}},"2":{"start":{"line":9,"column":16},"end":{"line":9,"column":48}},"3":{"start":{"line":10,"column":19},"end":{"line":13,"column":4}},"4":{"start":{"line":16,"column":2},"end":{"line":21,"column":3}},"5":{"start":{"line":17,"column":4},"end":{"line":17,"column":46}},"6":{"start":{"line":18,"column":4},"end":{"line":18,"column":62}},"7":{"start":{"line":20,"column":4},"end":{"line":20,"column":53}}},"fnMap":{"0":{"name":"(anonymous_0)","decl":{"start":{"line":5,"column":34},"end":{"line":5,"column":35}},"loc":{"start":{"line":5,"column":45},"end":{"line":5,"column":71}},"line":5},"1":{"name":"confirmPinCode","decl":{"start":{"line":8,"column":17},"end":{"line":8,"column":31}},"loc":{"start":{"line":8,"column":50},"end":{"line":22,"column":1}},"line":8}},"branchMap":{"0":{"loc":{"start":{"line":16,"column":2},"end":{"line":21,"column":3}},"type":"if","locations":[{"start":{"line":16,"column":2},"end":{"line":21,"column":3}},{"start":{"line":16,"column":2},"end":{"line":21,"column":3}}],"line":16}},"s":{"0":1,"1":1,"2":2,"3":2,"4":2,"5":1,"6":1,"7":1},"f":{"0":1,"1":2},"b":{"0":[1,1]},"_coverageSchema":"332fd63041d2c1bcb487cc26dd0d5f7d97098a6c","hash":"913afa893943db514000cae5de4c9ccdf70149fd"}
,"C:\\Users\\handaoui\\Project\\tharwa\\tharwa-mobile\\App\\Services\\ExamplesRegistry.js": {"path":"C:\\Users\\handaoui\\Project\\tharwa\\tharwa-mobile\\App\\Services\\ExamplesRegistry.js","statementMap":{"0":{"start":{"line":6,"column":38},"end":{"line":6,"column":40}},"1":{"start":{"line":7,"column":35},"end":{"line":7,"column":37}},"2":{"start":{"line":9,"column":35},"end":{"line":9,"column":153}},"3":{"start":{"line":9,"column":66},"end":{"line":9,"column":151}},"4":{"start":{"line":9,"column":99},"end":{"line":9,"column":151}},"5":{"start":{"line":11,"column":32},"end":{"line":11,"column":147}},"6":{"start":{"line":11,"column":63},"end":{"line":11,"column":145}},"7":{"start":{"line":11,"column":96},"end":{"line":11,"column":145}},"8":{"start":{"line":13,"column":31},"end":{"line":22,"column":1}},"9":{"start":{"line":14,"column":2},"end":{"line":21,"column":3}},"10":{"start":{"line":24,"column":28},"end":{"line":33,"column":1}},"11":{"start":{"line":25,"column":2},"end":{"line":32,"column":3}},"12":{"start":{"line":35,"column":39},"end":{"line":35,"column":107}},"13":{"start":{"line":35,"column":45},"end":{"line":35,"column":107}},"14":{"start":{"line":37,"column":36},"end":{"line":37,"column":98}},"15":{"start":{"line":37,"column":42},"end":{"line":37,"column":98}}},"fnMap":{"0":{"name":"(anonymous_0)","decl":{"start":{"line":9,"column":35},"end":{"line":9,"column":36}},"loc":{"start":{"line":9,"column":64},"end":{"line":9,"column":153}},"line":9},"1":{"name":"(anonymous_1)","decl":{"start":{"line":9,"column":51},"end":{"line":9,"column":52}},"loc":{"start":{"line":9,"column":57},"end":{"line":9,"column":59}},"line":9},"2":{"name":"(anonymous_2)","decl":{"start":{"line":11,"column":32},"end":{"line":11,"column":33}},"loc":{"start":{"line":11,"column":61},"end":{"line":11,"column":147}},"line":11},"3":{"name":"(anonymous_3)","decl":{"start":{"line":11,"column":48},"end":{"line":11,"column":49}},"loc":{"start":{"line":11,"column":54},"end":{"line":11,"column":56}},"line":11},"4":{"name":"(anonymous_4)","decl":{"start":{"line":13,"column":31},"end":{"line":13,"column":32}},"loc":{"start":{"line":13,"column":44},"end":{"line":22,"column":1}},"line":13},"5":{"name":"(anonymous_5)","decl":{"start":{"line":24,"column":28},"end":{"line":24,"column":29}},"loc":{"start":{"line":24,"column":41},"end":{"line":33,"column":1}},"line":24},"6":{"name":"(anonymous_6)","decl":{"start":{"line":35,"column":39},"end":{"line":35,"column":40}},"loc":{"start":{"line":35,"column":45},"end":{"line":35,"column":107}},"line":35},"7":{"name":"(anonymous_7)","decl":{"start":{"line":37,"column":36},"end":{"line":37,"column":37}},"loc":{"start":{"line":37,"column":42},"end":{"line":37,"column":98}},"line":37}},"branchMap":{"0":{"loc":{"start":{"line":9,"column":43},"end":{"line":9,"column":59}},"type":"default-arg","locations":[{"start":{"line":9,"column":51},"end":{"line":9,"column":59}}],"line":9},"1":{"loc":{"start":{"line":9,"column":66},"end":{"line":9,"column":151}},"type":"if","locations":[{"start":{"line":9,"column":66},"end":{"line":9,"column":151}},{"start":{"line":9,"column":66},"end":{"line":9,"column":151}}],"line":9},"2":{"loc":{"start":{"line":11,"column":40},"end":{"line":11,"column":56}},"type":"default-arg","locations":[{"start":{"line":11,"column":48},"end":{"line":11,"column":56}}],"line":11},"3":{"loc":{"start":{"line":11,"column":63},"end":{"line":11,"column":145}},"type":"if","locations":[{"start":{"line":11,"column":63},"end":{"line":11,"column":145}},{"start":{"line":11,"column":63},"end":{"line":11,"column":145}}],"line":11}},"s":{"0":3,"1":3,"2":3,"3":3,"4":3,"5":3,"6":0,"7":0,"8":3,"9":0,"10":3,"11":0,"12":3,"13":0,"14":3,"15":0},"f":{"0":3,"1":0,"2":0,"3":0,"4":0,"5":0,"6":0,"7":0},"b":{"0":[0],"1":[3,0],"2":[0],"3":[0,0]},"_coverageSchema":"332fd63041d2c1bcb487cc26dd0d5f7d97098a6c","hash":"ddea0c20b2554b261a5b2912ed0af6f1604ef11a"}
,"C:\\Users\\handaoui\\Project\\tharwa\\tharwa-mobile\\App\\Services\\FixtureApi.js": {"path":"C:\\Users\\handaoui\\Project\\tharwa\\tharwa-mobile\\App\\Services\\FixtureApi.js","statementMap":{"0":{"start":{"line":6,"column":4},"end":{"line":21,"column":5}},"1":{"start":{"line":11,"column":6},"end":{"line":14,"column":7}},"2":{"start":{"line":16,"column":6},"end":{"line":20,"column":7}},"3":{"start":{"line":24,"column":4},"end":{"line":38,"column":5}},"4":{"start":{"line":28,"column":6},"end":{"line":31,"column":7}},"5":{"start":{"line":33,"column":6},"end":{"line":37,"column":7}}},"fnMap":{"0":{"name":"(anonymous_0)","decl":{"start":{"line":3,"column":16},"end":{"line":3,"column":17}},"loc":{"start":{"line":3,"column":22},"end":{"line":3,"column":25}},"line":3},"1":{"name":"(anonymous_1)","decl":{"start":{"line":4,"column":19},"end":{"line":4,"column":20}},"loc":{"start":{"line":4,"column":25},"end":{"line":4,"column":28}},"line":4},"2":{"name":"(anonymous_2)","decl":{"start":{"line":5,"column":9},"end":{"line":5,"column":10}},"loc":{"start":{"line":5,"column":22},"end":{"line":22,"column":3}},"line":5},"3":{"name":"(anonymous_3)","decl":{"start":{"line":23,"column":18},"end":{"line":23,"column":19}},"loc":{"start":{"line":23,"column":28},"end":{"line":39,"column":3}},"line":23}},"branchMap":{"0":{"loc":{"start":{"line":6,"column":4},"end":{"line":21,"column":5}},"type":"if","locations":[{"start":{"line":6,"column":4},"end":{"line":21,"column":5}},{"start":{"line":6,"column":4},"end":{"line":21,"column":5}}],"line":6},"1":{"loc":{"start":{"line":7,"column":6},"end":{"line":9,"column":60}},"type":"binary-expr","locations":[{"start":{"line":7,"column":6},"end":{"line":7,"column":43}},{"start":{"line":8,"column":6},"end":{"line":8,"column":37}},{"start":{"line":9,"column":6},"end":{"line":9,"column":60}}],"line":7},"2":{"loc":{"start":{"line":24,"column":4},"end":{"line":38,"column":5}},"type":"if","locations":[{"start":{"line":24,"column":4},"end":{"line":38,"column":5}},{"start":{"line":24,"column":4},"end":{"line":38,"column":5}}],"line":24},"3":{"loc":{"start":{"line":25,"column":6},"end":{"line":26,"column":80}},"type":"binary-expr","locations":[{"start":{"line":25,"column":6},"end":{"line":25,"column":30}},{"start":{"line":26,"column":6},"end":{"line":26,"column":80}}],"line":25}},"s":{"0":4,"1":3,"2":1,"3":2,"4":1,"5":1},"f":{"0":1,"1":1,"2":4,"3":2},"b":{"0":[3,1],"1":[4,3,3],"2":[1,1],"3":[2,1]},"_coverageSchema":"332fd63041d2c1bcb487cc26dd0d5f7d97098a6c","hash":"04e7ce47c90c6f56f118fd47c26cfce8ded29b55"}
,"C:\\Users\\handaoui\\Project\\tharwa\\tharwa-mobile\\App\\Themes\\ApplicationStyles.js": {"path":"C:\\Users\\handaoui\\Project\\tharwa\\tharwa-mobile\\App\\Themes\\ApplicationStyles.js","statementMap":{"0":{"start":{"line":8,"column":26},"end":{"line":82,"column":1}}},"fnMap":{},"branchMap":{},"s":{"0":4},"f":{},"b":{},"_coverageSchema":"332fd63041d2c1bcb487cc26dd0d5f7d97098a6c","hash":"011ccf342054b772b4f48c1e5d190dc6845d288d"}
,"C:\\Users\\handaoui\\Project\\tharwa\\tharwa-mobile\\App\\Themes\\Colors.js": {"path":"C:\\Users\\handaoui\\Project\\tharwa\\tharwa-mobile\\App\\Themes\\Colors.js","statementMap":{"0":{"start":{"line":1,"column":15},"end":{"line":25,"column":1}}},"fnMap":{},"branchMap":{},"s":{"0":4},"f":{},"b":{},"_coverageSchema":"332fd63041d2c1bcb487cc26dd0d5f7d97098a6c","hash":"899a189f4340612e54ee05bf84875001f62465d4"}
,"C:\\Users\\handaoui\\Project\\tharwa\\tharwa-mobile\\App\\Themes\\Fonts.js": {"path":"C:\\Users\\handaoui\\Project\\tharwa\\tharwa-mobile\\App\\Themes\\Fonts.js","statementMap":{"0":{"start":{"line":1,"column":13},"end":{"line":5,"column":1}},"1":{"start":{"line":7,"column":13},"end":{"line":19,"column":1}},"2":{"start":{"line":21,"column":14},"end":{"line":54,"column":1}}},"fnMap":{},"branchMap":{},"s":{"0":4,"1":4,"2":4},"f":{},"b":{},"_coverageSchema":"332fd63041d2c1bcb487cc26dd0d5f7d97098a6c","hash":"e54032dfa001c8af7f605dfdb40c31a1d05f6bac"}
,"C:\\Users\\handaoui\\Project\\tharwa\\tharwa-mobile\\App\\Themes\\Images.js": {"path":"C:\\Users\\handaoui\\Project\\tharwa\\tharwa-mobile\\App\\Themes\\Images.js","statementMap":{"0":{"start":{"line":2,"column":15},"end":{"line":24,"column":1}}},"fnMap":{},"branchMap":{},"s":{"0":4},"f":{},"b":{},"_coverageSchema":"332fd63041d2c1bcb487cc26dd0d5f7d97098a6c","hash":"c988b4f360cf0e23e8269fec2b53ca7bedf3748c"}
,"C:\\Users\\handaoui\\Project\\tharwa\\tharwa-mobile\\App\\Themes\\Metrics.js": {"path":"C:\\Users\\handaoui\\Project\\tharwa\\tharwa-mobile\\App\\Themes\\Metrics.js","statementMap":{"0":{"start":{"line":3,"column":26},"end":{"line":3,"column":50}},"1":{"start":{"line":6,"column":16},"end":{"line":32,"column":1}}},"fnMap":{},"branchMap":{"0":{"loc":{"start":{"line":15,"column":15},"end":{"line":15,"column":46}},"type":"cond-expr","locations":[{"start":{"line":15,"column":32},"end":{"line":15,"column":37}},{"start":{"line":15,"column":40},"end":{"line":15,"column":46}}],"line":15},"1":{"loc":{"start":{"line":16,"column":16},"end":{"line":16,"column":47}},"type":"cond-expr","locations":[{"start":{"line":16,"column":33},"end":{"line":16,"column":39}},{"start":{"line":16,"column":42},"end":{"line":16,"column":47}}],"line":16},"2":{"loc":{"start":{"line":17,"column":16},"end":{"line":17,"column":49}},"type":"cond-expr","locations":[{"start":{"line":17,"column":42},"end":{"line":17,"column":44}},{"start":{"line":17,"column":47},"end":{"line":17,"column":49}}],"line":17}},"s":{"0":4,"1":4},"f":{},"b":{"0":[4,0],"1":[4,0],"2":[4,0]},"_coverageSchema":"332fd63041d2c1bcb487cc26dd0d5f7d97098a6c","hash":"30d15f91c2f4cd923f64a2e71b078a92a4d1e692"}
,"C:\\Users\\handaoui\\Project\\tharwa\\tharwa-mobile\\App\\Themes\\index.js": {"path":"C:\\Users\\handaoui\\Project\\tharwa\\tharwa-mobile\\App\\Themes\\index.js","statementMap":{},"fnMap":{},"branchMap":{},"s":{},"f":{},"b":{},"_coverageSchema":"332fd63041d2c1bcb487cc26dd0d5f7d97098a6c","hash":"5517532688bc0e2c1562c0420167b8a13e194b69"}
}
