TN:
SF:C:\Users\handaoui\Project\tharwa\tharwa-mobile\App\Components\AlertMessage.js
FN:16,(anonymous_0)
FNF:1
FNH:1
FNDA:3,(anonymous_0)
DA:17,3
DA:18,3
DA:19,2
DA:20,2
DA:31,1
LF:5
LH:5
BRDA:18,0,0,2
BRDA:18,0,1,1
BRDA:25,1,0,2
BRDA:25,1,1,2
BRF:4
BRH:4
end_of_record
TN:
SF:C:\Users\handaoui\Project\tharwa\tharwa-mobile\App\Components\DrawerButton.js
FN:26,(anonymous_0)
FNF:1
FNH:1
FNDA:2,(anonymous_0)
DA:27,2
LF:1
LH:1
BRF:0
BRH:0
end_of_record
TN:
SF:C:\Users\handaoui\Project\tharwa\tharwa-mobile\App\Components\FullButton.js
FN:27,(anonymous_0)
FNF:1
FNH:1
FNDA:2,(anonymous_0)
DA:28,2
LF:1
LH:1
BRDA:30,0,0,2
BRDA:30,0,1,2
BRF:2
BRH:2
end_of_record
TN:
SF:C:\Users\handaoui\Project\tharwa\tharwa-mobile\App\Components\RoundedButton.js
FN:28,(anonymous_0)
FN:33,(anonymous_1)
FNF:2
FNH:2
FNDA:3,(anonymous_0)
FNDA:3,(anonymous_1)
DA:29,3
DA:30,3
DA:34,3
LF:3
LH:3
BRDA:29,0,0,3
BRDA:29,0,1,1
BRDA:29,0,2,0
BRF:3
BRH:2
end_of_record
TN:
SF:C:\Users\handaoui\Project\tharwa\tharwa-mobile\App\Components\Styles\AlertMessageStyles.js
FNF:0
FNH:0
LF:0
LH:0
BRF:0
BRH:0
end_of_record
TN:
SF:C:\Users\handaoui\Project\tharwa\tharwa-mobile\App\Components\Styles\DrawerButtonStyles.js
FNF:0
FNH:0
LF:0
LH:0
BRF:0
BRH:0
end_of_record
TN:
SF:C:\Users\handaoui\Project\tharwa\tharwa-mobile\App\Components\Styles\FullButtonStyles.js
FNF:0
FNH:0
LF:0
LH:0
BRF:0
BRH:0
end_of_record
TN:
SF:C:\Users\handaoui\Project\tharwa\tharwa-mobile\App\Components\Styles\RoundedButtonStyles.js
FNF:0
FNH:0
LF:0
LH:0
BRF:0
BRH:0
end_of_record
TN:
SF:C:\Users\handaoui\Project\tharwa\tharwa-mobile\App\Config\DebugConfig.js
FNF:0
FNH:0
LF:0
LH:0
BRF:0
BRH:0
end_of_record
TN:
SF:C:\Users\handaoui\Project\tharwa\tharwa-mobile\App\Redux\AuthRedux.js
FN:26,(anonymous_0)
FN:28,(anonymous_1)
FN:32,(anonymous_2)
FN:35,(anonymous_3)
FN:36,(anonymous_4)
FN:37,(anonymous_5)
FN:40,(anonymous_6)
FN:41,(anonymous_7)
FNF:8
FNH:8
FNDA:1,(anonymous_0)
FNDA:1,(anonymous_1)
FNDA:1,(anonymous_2)
FNDA:1,(anonymous_3)
FNDA:1,(anonymous_4)
FNDA:2,(anonymous_5)
FNDA:1,(anonymous_6)
FNDA:1,(anonymous_7)
DA:4,3
DA:15,3
DA:18,3
DA:26,3
DA:28,3
DA:29,1
DA:32,3
DA:35,3
DA:36,3
DA:37,3
DA:40,3
DA:41,3
DA:43,3
LF:13
LH:13
BRF:0
BRH:0
end_of_record
TN:
SF:C:\Users\handaoui\Project\tharwa\tharwa-mobile\App\Redux\PinCodeRedux.js
FN:22,(anonymous_0)
FN:24,(anonymous_1)
FN:26,(anonymous_2)
FN:30,(anonymous_3)
FNF:4
FNH:4
FNDA:1,(anonymous_0)
FNDA:1,(anonymous_1)
FNDA:1,(anonymous_2)
FNDA:1,(anonymous_3)
DA:4,3
DA:11,3
DA:14,3
DA:22,3
DA:24,3
DA:26,3
DA:27,1
DA:30,3
DA:32,3
LF:9
LH:9
BRF:0
BRH:0
end_of_record
TN:
SF:C:\Users\handaoui\Project\tharwa\tharwa-mobile\App\Sagas\AuthSaga.js
FN:5,(anonymous_0)
FN:7,login
FN:29,logout
FN:35,loadToken
FNF:4
FNH:4
FNDA:1,(anonymous_0)
FNDA:2,login
FNDA:1,logout
FNDA:2,loadToken
DA:5,1
DA:8,2
DA:16,2
DA:19,2
DA:20,1
DA:21,1
DA:24,1
DA:30,1
DA:31,1
DA:36,2
DA:38,2
DA:39,1
DA:41,2
LF:13
LH:13
BRDA:19,0,0,1
BRDA:19,0,1,1
BRDA:38,1,0,1
BRDA:38,1,1,1
BRF:4
BRH:4
end_of_record
TN:
SF:C:\Users\handaoui\Project\tharwa\tharwa-mobile\App\Sagas\PinCodeSaga.js
FN:5,(anonymous_0)
FN:8,confirmPinCode
FNF:2
FNH:2
FNDA:1,(anonymous_0)
FNDA:2,confirmPinCode
DA:5,1
DA:9,2
DA:10,2
DA:16,2
DA:17,1
DA:18,1
DA:20,1
LF:7
LH:7
BRDA:16,0,0,1
BRDA:16,0,1,1
BRF:2
BRH:2
end_of_record
TN:
SF:C:\Users\handaoui\Project\tharwa\tharwa-mobile\App\Services\ExamplesRegistry.js
FN:9,(anonymous_0)
FN:9,(anonymous_1)
FN:11,(anonymous_2)
FN:11,(anonymous_3)
FN:13,(anonymous_4)
FN:24,(anonymous_5)
FN:35,(anonymous_6)
FN:37,(anonymous_7)
FNF:8
FNH:1
FNDA:3,(anonymous_0)
FNDA:0,(anonymous_1)
FNDA:0,(anonymous_2)
FNDA:0,(anonymous_3)
FNDA:0,(anonymous_4)
FNDA:0,(anonymous_5)
FNDA:0,(anonymous_6)
FNDA:0,(anonymous_7)
DA:6,3
DA:7,3
DA:9,3
DA:11,3
DA:13,3
DA:14,0
DA:24,3
DA:25,0
DA:35,3
DA:37,3
LF:10
LH:8
BRDA:9,0,0,0
BRDA:9,1,0,3
BRDA:9,1,1,0
BRDA:11,2,0,0
BRDA:11,3,0,0
BRDA:11,3,1,0
BRF:6
BRH:1
end_of_record
TN:
SF:C:\Users\handaoui\Project\tharwa\tharwa-mobile\App\Services\FixtureApi.js
FN:3,(anonymous_0)
FN:4,(anonymous_1)
FN:5,(anonymous_2)
FN:23,(anonymous_3)
FNF:4
FNH:4
FNDA:1,(anonymous_0)
FNDA:1,(anonymous_1)
FNDA:4,(anonymous_2)
FNDA:2,(anonymous_3)
DA:6,4
DA:11,3
DA:16,1
DA:24,2
DA:28,1
DA:33,1
LF:6
LH:6
BRDA:6,0,0,3
BRDA:6,0,1,1
BRDA:7,1,0,4
BRDA:7,1,1,3
BRDA:7,1,2,3
BRDA:24,2,0,1
BRDA:24,2,1,1
BRDA:25,3,0,2
BRDA:25,3,1,1
BRF:9
BRH:9
end_of_record
TN:
SF:C:\Users\handaoui\Project\tharwa\tharwa-mobile\App\Themes\ApplicationStyles.js
FNF:0
FNH:0
DA:8,4
LF:1
LH:1
BRF:0
BRH:0
end_of_record
TN:
SF:C:\Users\handaoui\Project\tharwa\tharwa-mobile\App\Themes\Colors.js
FNF:0
FNH:0
DA:1,4
LF:1
LH:1
BRF:0
BRH:0
end_of_record
TN:
SF:C:\Users\handaoui\Project\tharwa\tharwa-mobile\App\Themes\Fonts.js
FNF:0
FNH:0
DA:1,4
DA:7,4
DA:21,4
LF:3
LH:3
BRF:0
BRH:0
end_of_record
TN:
SF:C:\Users\handaoui\Project\tharwa\tharwa-mobile\App\Themes\Images.js
FNF:0
FNH:0
DA:2,4
LF:1
LH:1
BRF:0
BRH:0
end_of_record
TN:
SF:C:\Users\handaoui\Project\tharwa\tharwa-mobile\App\Themes\Metrics.js
FNF:0
FNH:0
DA:3,4
DA:6,4
LF:2
LH:2
BRDA:15,0,0,4
BRDA:15,0,1,0
BRDA:16,1,0,4
BRDA:16,1,1,0
BRDA:17,2,0,4
BRDA:17,2,1,0
BRF:6
BRH:3
end_of_record
TN:
SF:C:\Users\handaoui\Project\tharwa\tharwa-mobile\App\Themes\index.js
FNF:0
FNH:0
LF:0
LH:0
BRF:0
BRH:0
end_of_record
